{"/Users/minh/Desktop/Oreily-course/expensify-app/src/actions/expenses.js": {"path":"/Users/minh/Desktop/Oreily-course/expensify-app/src/actions/expenses.js","statementMap":{"0":{"start":{"line":5,"column":26},"end":{"line":18,"column":4}},"1":{"start":{"line":9,"column":28},"end":{"line":18,"column":3}},"2":{"start":{"line":21,"column":29},"end":{"line":24,"column":2}},"3":{"start":{"line":21,"column":42},"end":{"line":24,"column":1}},"4":{"start":{"line":27,"column":27},"end":{"line":31,"column":2}},"5":{"start":{"line":27,"column":45},"end":{"line":31,"column":1}}},"fnMap":{"0":{"name":"(anonymous_0)","decl":{"start":{"line":5,"column":26},"end":{"line":5,"column":27}},"loc":{"start":{"line":9,"column":28},"end":{"line":18,"column":3}},"line":9},"1":{"name":"(anonymous_1)","decl":{"start":{"line":21,"column":29},"end":{"line":21,"column":30}},"loc":{"start":{"line":21,"column":42},"end":{"line":24,"column":1}},"line":21},"2":{"name":"(anonymous_2)","decl":{"start":{"line":27,"column":27},"end":{"line":27,"column":28}},"loc":{"start":{"line":27,"column":45},"end":{"line":31,"column":1}},"line":27}},"branchMap":{"0":{"loc":{"start":{"line":5,"column":27},"end":{"line":9,"column":22}},"type":"default-arg","locations":[{"start":{"line":9,"column":20},"end":{"line":9,"column":22}}],"line":5},"1":{"loc":{"start":{"line":6,"column":2},"end":{"line":6,"column":18}},"type":"default-arg","locations":[{"start":{"line":6,"column":16},"end":{"line":6,"column":18}}],"line":6},"2":{"loc":{"start":{"line":7,"column":2},"end":{"line":7,"column":11}},"type":"default-arg","locations":[{"start":{"line":7,"column":9},"end":{"line":7,"column":11}}],"line":7},"3":{"loc":{"start":{"line":8,"column":2},"end":{"line":8,"column":12}},"type":"default-arg","locations":[{"start":{"line":8,"column":11},"end":{"line":8,"column":12}}],"line":8},"4":{"loc":{"start":{"line":9,"column":2},"end":{"line":9,"column":15}},"type":"default-arg","locations":[{"start":{"line":9,"column":14},"end":{"line":9,"column":15}}],"line":9}},"s":{"0":3,"1":2,"2":3,"3":1,"4":3,"5":1},"f":{"0":2,"1":1,"2":1},"b":{"0":[1],"1":[1],"2":[1],"3":[1],"4":[1]},"_coverageSchema":"1a1c01bbd47fc00a2c39e90264f33305004495a9","hash":"71a05db2b9c02f89c7d33eac1bfd574e7f0b9592"}
,"/Users/minh/Desktop/Oreily-course/expensify-app/src/actions/filters.js": {"path":"/Users/minh/Desktop/Oreily-course/expensify-app/src/actions/filters.js","statementMap":{"0":{"start":{"line":2,"column":29},"end":{"line":5,"column":2}},"1":{"start":{"line":2,"column":48},"end":{"line":5,"column":1}},"2":{"start":{"line":9,"column":26},"end":{"line":11,"column":2}},"3":{"start":{"line":9,"column":33},"end":{"line":11,"column":1}},"4":{"start":{"line":14,"column":28},"end":{"line":16,"column":2}},"5":{"start":{"line":14,"column":35},"end":{"line":16,"column":1}},"6":{"start":{"line":19,"column":28},"end":{"line":22,"column":2}},"7":{"start":{"line":19,"column":56},"end":{"line":22,"column":1}},"8":{"start":{"line":25,"column":26},"end":{"line":28,"column":2}},"9":{"start":{"line":25,"column":40},"end":{"line":28,"column":1}}},"fnMap":{"0":{"name":"(anonymous_0)","decl":{"start":{"line":2,"column":29},"end":{"line":2,"column":30}},"loc":{"start":{"line":2,"column":48},"end":{"line":5,"column":1}},"line":2},"1":{"name":"(anonymous_1)","decl":{"start":{"line":9,"column":26},"end":{"line":9,"column":27}},"loc":{"start":{"line":9,"column":33},"end":{"line":11,"column":1}},"line":9},"2":{"name":"(anonymous_2)","decl":{"start":{"line":14,"column":28},"end":{"line":14,"column":29}},"loc":{"start":{"line":14,"column":35},"end":{"line":16,"column":1}},"line":14},"3":{"name":"(anonymous_3)","decl":{"start":{"line":19,"column":28},"end":{"line":19,"column":29}},"loc":{"start":{"line":19,"column":56},"end":{"line":22,"column":1}},"line":19},"4":{"name":"(anonymous_4)","decl":{"start":{"line":25,"column":26},"end":{"line":25,"column":27}},"loc":{"start":{"line":25,"column":40},"end":{"line":28,"column":1}},"line":25}},"branchMap":{"0":{"loc":{"start":{"line":2,"column":30},"end":{"line":2,"column":42}},"type":"default-arg","locations":[{"start":{"line":2,"column":40},"end":{"line":2,"column":42}}],"line":2},"1":{"loc":{"start":{"line":19,"column":29},"end":{"line":19,"column":50}},"type":"default-arg","locations":[{"start":{"line":19,"column":41},"end":{"line":19,"column":50}}],"line":19}},"s":{"0":3,"1":2,"2":3,"3":1,"4":3,"5":1,"6":3,"7":1,"8":3,"9":1},"f":{"0":2,"1":1,"2":1,"3":1,"4":1},"b":{"0":[1],"1":[0]},"_coverageSchema":"1a1c01bbd47fc00a2c39e90264f33305004495a9","hash":"cef36697f9f3010df48c286ed486e75f2e8b9db7"}
,"/Users/minh/Desktop/Oreily-course/expensify-app/src/components/AddExpensePage.js": {"path":"/Users/minh/Desktop/Oreily-course/expensify-app/src/components/AddExpensePage.js","statementMap":{"0":{"start":{"line":7,"column":13},"end":{"line":11,"column":3}},"1":{"start":{"line":9,"column":4},"end":{"line":9,"column":35}},"2":{"start":{"line":10,"column":4},"end":{"line":10,"column":33}},"3":{"start":{"line":13,"column":4},"end":{"line":18,"column":6}},"4":{"start":{"line":22,"column":27},"end":{"line":22,"column":97}},"5":{"start":{"line":22,"column":40},"end":{"line":22,"column":96}},"6":{"start":{"line":22,"column":65},"end":{"line":22,"column":94}}},"fnMap":{"0":{"name":"(anonymous_0)","decl":{"start":{"line":7,"column":13},"end":{"line":7,"column":14}},"loc":{"start":{"line":7,"column":24},"end":{"line":11,"column":3}},"line":7},"1":{"name":"(anonymous_1)","decl":{"start":{"line":12,"column":2},"end":{"line":12,"column":3}},"loc":{"start":{"line":12,"column":11},"end":{"line":19,"column":3}},"line":12},"2":{"name":"(anonymous_2)","decl":{"start":{"line":22,"column":27},"end":{"line":22,"column":28}},"loc":{"start":{"line":22,"column":40},"end":{"line":22,"column":96}},"line":22},"3":{"name":"(anonymous_3)","decl":{"start":{"line":22,"column":54},"end":{"line":22,"column":55}},"loc":{"start":{"line":22,"column":65},"end":{"line":22,"column":94}},"line":22}},"branchMap":{},"s":{"0":2,"1":1,"2":1,"3":2,"4":1,"5":0,"6":0},"f":{"0":1,"1":2,"2":0,"3":0},"b":{},"_coverageSchema":"1a1c01bbd47fc00a2c39e90264f33305004495a9","hash":"14f92e4b3069cd226361346e699e0524dee56e42"}
,"/Users/minh/Desktop/Oreily-course/expensify-app/src/components/EditExpensePage.js": {"path":"/Users/minh/Desktop/Oreily-course/expensify-app/src/components/EditExpensePage.js","statementMap":{"0":{"start":{"line":7,"column":13},"end":{"line":10,"column":3}},"1":{"start":{"line":8,"column":4},"end":{"line":8,"column":59}},"2":{"start":{"line":9,"column":4},"end":{"line":9,"column":33}},"3":{"start":{"line":12,"column":12},"end":{"line":16,"column":3}},"4":{"start":{"line":13,"column":15},"end":{"line":13,"column":36}},"5":{"start":{"line":14,"column":4},"end":{"line":14,"column":37}},"6":{"start":{"line":15,"column":4},"end":{"line":15,"column":33}},"7":{"start":{"line":19,"column":4},"end":{"line":25,"column":6}},"8":{"start":{"line":28,"column":27},"end":{"line":34,"column":1}},"9":{"start":{"line":29,"column":2},"end":{"line":33,"column":4}},"10":{"start":{"line":30,"column":34},"end":{"line":30,"column":68}},"11":{"start":{"line":32,"column":35},"end":{"line":32,"column":66}},"12":{"start":{"line":35,"column":24},"end":{"line":39,"column":1}},"13":{"start":{"line":36,"column":2},"end":{"line":38,"column":4}},"14":{"start":{"line":37,"column":41},"end":{"line":37,"column":74}}},"fnMap":{"0":{"name":"(anonymous_0)","decl":{"start":{"line":7,"column":13},"end":{"line":7,"column":14}},"loc":{"start":{"line":7,"column":24},"end":{"line":10,"column":3}},"line":7},"1":{"name":"(anonymous_1)","decl":{"start":{"line":12,"column":12},"end":{"line":12,"column":13}},"loc":{"start":{"line":12,"column":18},"end":{"line":16,"column":3}},"line":12},"2":{"name":"(anonymous_2)","decl":{"start":{"line":18,"column":2},"end":{"line":18,"column":3}},"loc":{"start":{"line":18,"column":11},"end":{"line":26,"column":3}},"line":18},"3":{"name":"(anonymous_3)","decl":{"start":{"line":28,"column":27},"end":{"line":28,"column":28}},"loc":{"start":{"line":28,"column":48},"end":{"line":34,"column":1}},"line":28},"4":{"name":"(anonymous_4)","decl":{"start":{"line":30,"column":17},"end":{"line":30,"column":18}},"loc":{"start":{"line":30,"column":34},"end":{"line":30,"column":68}},"line":30},"5":{"name":"(anonymous_5)","decl":{"start":{"line":32,"column":23},"end":{"line":32,"column":24}},"loc":{"start":{"line":32,"column":35},"end":{"line":32,"column":66}},"line":32},"6":{"name":"(anonymous_6)","decl":{"start":{"line":35,"column":24},"end":{"line":35,"column":25}},"loc":{"start":{"line":35,"column":42},"end":{"line":39,"column":1}},"line":35},"7":{"name":"(anonymous_7)","decl":{"start":{"line":37,"column":33},"end":{"line":37,"column":34}},"loc":{"start":{"line":37,"column":41},"end":{"line":37,"column":74}},"line":37}},"branchMap":{},"s":{"0":3,"1":1,"2":1,"3":3,"4":1,"5":1,"6":1,"7":3,"8":1,"9":0,"10":0,"11":0,"12":1,"13":0,"14":0},"f":{"0":1,"1":1,"2":3,"3":0,"4":0,"5":0,"6":0,"7":0},"b":{},"_coverageSchema":"1a1c01bbd47fc00a2c39e90264f33305004495a9","hash":"21e0eba15f1b7a25b3b511e611c06d9089c012df"}
,"/Users/minh/Desktop/Oreily-course/expensify-app/src/components/ExpenseDashboardPage.js": {"path":"/Users/minh/Desktop/Oreily-course/expensify-app/src/components/ExpenseDashboardPage.js","statementMap":{"0":{"start":{"line":4,"column":29},"end":{"line":9,"column":1}},"1":{"start":{"line":5,"column":2},"end":{"line":8,"column":8}}},"fnMap":{"0":{"name":"(anonymous_0)","decl":{"start":{"line":4,"column":29},"end":{"line":4,"column":30}},"loc":{"start":{"line":5,"column":2},"end":{"line":8,"column":8}},"line":5}},"branchMap":{},"s":{"0":1,"1":1},"f":{"0":1},"b":{},"_coverageSchema":"1a1c01bbd47fc00a2c39e90264f33305004495a9","hash":"040fd3ac45527c5ffc8b16635a634527934e081c"}
,"/Users/minh/Desktop/Oreily-course/expensify-app/src/components/ExpenseForm.js": {"path":"/Users/minh/Desktop/Oreily-course/expensify-app/src/components/ExpenseForm.js","statementMap":{"0":{"start":{"line":7,"column":4},"end":{"line":7,"column":17}},"1":{"start":{"line":8,"column":4},"end":{"line":15,"column":6}},"2":{"start":{"line":18,"column":24},"end":{"line":23,"column":3}},"3":{"start":{"line":19,"column":24},"end":{"line":19,"column":38}},"4":{"start":{"line":20,"column":4},"end":{"line":22,"column":7}},"5":{"start":{"line":24,"column":17},"end":{"line":29,"column":3}},"6":{"start":{"line":25,"column":4},"end":{"line":25,"column":16}},"7":{"start":{"line":26,"column":4},"end":{"line":28,"column":7}},"8":{"start":{"line":30,"column":19},"end":{"line":35,"column":3}},"9":{"start":{"line":31,"column":19},"end":{"line":31,"column":33}},"10":{"start":{"line":32,"column":4},"end":{"line":34,"column":5}},"11":{"start":{"line":33,"column":6},"end":{"line":33,"column":32}},"12":{"start":{"line":37,"column":17},"end":{"line":43,"column":3}},"13":{"start":{"line":38,"column":4},"end":{"line":42,"column":5}},"14":{"start":{"line":39,"column":6},"end":{"line":41,"column":9}},"15":{"start":{"line":44,"column":18},"end":{"line":48,"column":3}},"16":{"start":{"line":45,"column":4},"end":{"line":47,"column":7}},"17":{"start":{"line":50,"column":13},"end":{"line":63,"column":3}},"18":{"start":{"line":51,"column":4},"end":{"line":51,"column":23}},"19":{"start":{"line":52,"column":4},"end":{"line":62,"column":5}},"20":{"start":{"line":53,"column":6},"end":{"line":53,"column":73}},"21":{"start":{"line":55,"column":6},"end":{"line":55,"column":35}},"22":{"start":{"line":56,"column":6},"end":{"line":61,"column":9}},"23":{"start":{"line":65,"column":4},"end":{"line":89,"column":6}},"24":{"start":{"line":83,"column":34},"end":{"line":83,"column":39}}},"fnMap":{"0":{"name":"(anonymous_0)","decl":{"start":{"line":6,"column":2},"end":{"line":6,"column":3}},"loc":{"start":{"line":6,"column":21},"end":{"line":16,"column":3}},"line":6},"1":{"name":"(anonymous_1)","decl":{"start":{"line":18,"column":24},"end":{"line":18,"column":25}},"loc":{"start":{"line":18,"column":29},"end":{"line":23,"column":3}},"line":18},"2":{"name":"(anonymous_2)","decl":{"start":{"line":24,"column":17},"end":{"line":24,"column":18}},"loc":{"start":{"line":24,"column":22},"end":{"line":29,"column":3}},"line":24},"3":{"name":"(anonymous_3)","decl":{"start":{"line":30,"column":19},"end":{"line":30,"column":20}},"loc":{"start":{"line":30,"column":24},"end":{"line":35,"column":3}},"line":30},"4":{"name":"(anonymous_4)","decl":{"start":{"line":37,"column":17},"end":{"line":37,"column":18}},"loc":{"start":{"line":37,"column":30},"end":{"line":43,"column":3}},"line":37},"5":{"name":"(anonymous_5)","decl":{"start":{"line":44,"column":18},"end":{"line":44,"column":19}},"loc":{"start":{"line":44,"column":35},"end":{"line":48,"column":3}},"line":44},"6":{"name":"(anonymous_6)","decl":{"start":{"line":50,"column":13},"end":{"line":50,"column":14}},"loc":{"start":{"line":50,"column":18},"end":{"line":63,"column":3}},"line":50},"7":{"name":"(anonymous_7)","decl":{"start":{"line":64,"column":2},"end":{"line":64,"column":3}},"loc":{"start":{"line":64,"column":11},"end":{"line":90,"column":3}},"line":64},"8":{"name":"(anonymous_8)","decl":{"start":{"line":83,"column":28},"end":{"line":83,"column":29}},"loc":{"start":{"line":83,"column":34},"end":{"line":83,"column":39}},"line":83}},"branchMap":{"0":{"loc":{"start":{"line":9,"column":19},"end":{"line":9,"column":61}},"type":"binary-expr","locations":[{"start":{"line":9,"column":19},"end":{"line":9,"column":32}},{"start":{"line":9,"column":36},"end":{"line":9,"column":61}}],"line":9},"1":{"loc":{"start":{"line":10,"column":12},"end":{"line":10,"column":47}},"type":"binary-expr","locations":[{"start":{"line":10,"column":12},"end":{"line":10,"column":25}},{"start":{"line":10,"column":29},"end":{"line":10,"column":47}}],"line":10},"2":{"loc":{"start":{"line":11,"column":14},"end":{"line":11,"column":70}},"type":"binary-expr","locations":[{"start":{"line":11,"column":14},"end":{"line":11,"column":27}},{"start":{"line":11,"column":31},"end":{"line":11,"column":70}}],"line":11},"3":{"loc":{"start":{"line":12,"column":17},"end":{"line":12,"column":75}},"type":"cond-expr","locations":[{"start":{"line":12,"column":33},"end":{"line":12,"column":64}},{"start":{"line":12,"column":67},"end":{"line":12,"column":75}}],"line":12},"4":{"loc":{"start":{"line":32,"column":4},"end":{"line":34,"column":5}},"type":"if","locations":[{"start":{"line":32,"column":4},"end":{"line":34,"column":5}},{"start":{"line":32,"column":4},"end":{"line":34,"column":5}}],"line":32},"5":{"loc":{"start":{"line":32,"column":8},"end":{"line":32,"column":55}},"type":"binary-expr","locations":[{"start":{"line":32,"column":8},"end":{"line":32,"column":15}},{"start":{"line":32,"column":19},"end":{"line":32,"column":55}}],"line":32},"6":{"loc":{"start":{"line":38,"column":4},"end":{"line":42,"column":5}},"type":"if","locations":[{"start":{"line":38,"column":4},"end":{"line":42,"column":5}},{"start":{"line":38,"column":4},"end":{"line":42,"column":5}}],"line":38},"7":{"loc":{"start":{"line":52,"column":4},"end":{"line":62,"column":5}},"type":"if","locations":[{"start":{"line":52,"column":4},"end":{"line":62,"column":5}},{"start":{"line":52,"column":4},"end":{"line":62,"column":5}}],"line":52},"8":{"loc":{"start":{"line":52,"column":8},"end":{"line":52,"column":53}},"type":"binary-expr","locations":[{"start":{"line":52,"column":8},"end":{"line":52,"column":31}},{"start":{"line":52,"column":35},"end":{"line":52,"column":53}}],"line":52},"9":{"loc":{"start":{"line":67,"column":9},"end":{"line":67,"column":54}},"type":"binary-expr","locations":[{"start":{"line":67,"column":9},"end":{"line":67,"column":25}},{"start":{"line":67,"column":29},"end":{"line":67,"column":54}}],"line":67}},"s":{"0":10,"1":10,"2":10,"3":1,"4":1,"5":10,"6":1,"7":1,"8":10,"9":2,"10":2,"11":1,"12":10,"13":1,"14":1,"15":10,"16":1,"17":10,"18":2,"19":2,"20":1,"21":1,"22":1,"23":17,"24":0},"f":{"0":10,"1":1,"2":1,"3":2,"4":1,"5":1,"6":2,"7":17,"8":0},"b":{"0":[10,2],"1":[10,2],"2":[10,2],"3":[2,8],"4":[1,1],"5":[2,2],"6":[1,0],"7":[1,1],"8":[2,1],"9":[17,1]},"_coverageSchema":"1a1c01bbd47fc00a2c39e90264f33305004495a9","hash":"16ac1c3b7c363a5267e843247e5107a3c602844f"}
,"/Users/minh/Desktop/Oreily-course/expensify-app/src/components/ExpenseList.js": {"path":"/Users/minh/Desktop/Oreily-course/expensify-app/src/components/ExpenseList.js","statementMap":{"0":{"start":{"line":6,"column":27},"end":{"line":16,"column":1}},"1":{"start":{"line":7,"column":2},"end":{"line":15,"column":8}},"2":{"start":{"line":12,"column":10},"end":{"line":12,"column":60}},"3":{"start":{"line":18,"column":24},"end":{"line":22,"column":1}},"4":{"start":{"line":19,"column":2},"end":{"line":21,"column":3}}},"fnMap":{"0":{"name":"(anonymous_0)","decl":{"start":{"line":6,"column":27},"end":{"line":6,"column":28}},"loc":{"start":{"line":7,"column":2},"end":{"line":15,"column":8}},"line":7},"1":{"name":"(anonymous_1)","decl":{"start":{"line":11,"column":26},"end":{"line":11,"column":27}},"loc":{"start":{"line":11,"column":34},"end":{"line":13,"column":9}},"line":11},"2":{"name":"(anonymous_2)","decl":{"start":{"line":18,"column":24},"end":{"line":18,"column":25}},"loc":{"start":{"line":18,"column":33},"end":{"line":22,"column":1}},"line":18}},"branchMap":{"0":{"loc":{"start":{"line":9,"column":5},"end":{"line":14,"column":7}},"type":"cond-expr","locations":[{"start":{"line":10,"column":7},"end":{"line":10,"column":25}},{"start":{"line":11,"column":8},"end":{"line":13,"column":10}}],"line":9}},"s":{"0":2,"1":2,"2":3,"3":2,"4":0},"f":{"0":2,"1":3,"2":0},"b":{"0":[1,1]},"_coverageSchema":"1a1c01bbd47fc00a2c39e90264f33305004495a9","hash":"a2102ddd7d877b2442b99ebc0b82942601aff990"}
,"/Users/minh/Desktop/Oreily-course/expensify-app/src/components/ExpenseListFilters.js": {"path":"/Users/minh/Desktop/Oreily-course/expensify-app/src/components/ExpenseListFilters.js","statementMap":{"0":{"start":{"line":7,"column":10},"end":{"line":9,"column":3}},"1":{"start":{"line":11,"column":18},"end":{"line":14,"column":3}},"2":{"start":{"line":12,"column":4},"end":{"line":12,"column":39}},"3":{"start":{"line":13,"column":4},"end":{"line":13,"column":35}},"4":{"start":{"line":16,"column":17},"end":{"line":18,"column":3}},"5":{"start":{"line":17,"column":4},"end":{"line":17,"column":45}},"6":{"start":{"line":20,"column":17},"end":{"line":26,"column":3}},"7":{"start":{"line":21,"column":4},"end":{"line":25,"column":5}},"8":{"start":{"line":22,"column":6},"end":{"line":22,"column":30}},"9":{"start":{"line":23,"column":11},"end":{"line":25,"column":5}},"10":{"start":{"line":24,"column":6},"end":{"line":24,"column":32}},"11":{"start":{"line":28,"column":18},"end":{"line":30,"column":3}},"12":{"start":{"line":29,"column":4},"end":{"line":29,"column":39}},"13":{"start":{"line":33,"column":4},"end":{"line":51,"column":6}},"14":{"start":{"line":47,"column":32},"end":{"line":47,"column":37}},"15":{"start":{"line":55,"column":24},"end":{"line":59,"column":1}},"16":{"start":{"line":56,"column":2},"end":{"line":58,"column":4}},"17":{"start":{"line":61,"column":27},"end":{"line":67,"column":2}},"18":{"start":{"line":61,"column":40},"end":{"line":67,"column":1}},"19":{"start":{"line":62,"column":24},"end":{"line":62,"column":51}},"20":{"start":{"line":63,"column":22},"end":{"line":63,"column":47}},"21":{"start":{"line":64,"column":25},"end":{"line":64,"column":53}},"22":{"start":{"line":65,"column":20},"end":{"line":65,"column":39}},"23":{"start":{"line":66,"column":22},"end":{"line":66,"column":43}}},"fnMap":{"0":{"name":"(anonymous_0)","decl":{"start":{"line":11,"column":18},"end":{"line":11,"column":19}},"loc":{"start":{"line":11,"column":46},"end":{"line":14,"column":3}},"line":11},"1":{"name":"(anonymous_1)","decl":{"start":{"line":16,"column":17},"end":{"line":16,"column":18}},"loc":{"start":{"line":16,"column":22},"end":{"line":18,"column":3}},"line":16},"2":{"name":"(anonymous_2)","decl":{"start":{"line":20,"column":17},"end":{"line":20,"column":18}},"loc":{"start":{"line":20,"column":22},"end":{"line":26,"column":3}},"line":20},"3":{"name":"(anonymous_3)","decl":{"start":{"line":28,"column":18},"end":{"line":28,"column":19}},"loc":{"start":{"line":28,"column":37},"end":{"line":30,"column":3}},"line":28},"4":{"name":"(anonymous_4)","decl":{"start":{"line":32,"column":2},"end":{"line":32,"column":3}},"loc":{"start":{"line":32,"column":11},"end":{"line":52,"column":3}},"line":32},"5":{"name":"(anonymous_5)","decl":{"start":{"line":47,"column":26},"end":{"line":47,"column":27}},"loc":{"start":{"line":47,"column":32},"end":{"line":47,"column":37}},"line":47},"6":{"name":"(anonymous_6)","decl":{"start":{"line":55,"column":24},"end":{"line":55,"column":25}},"loc":{"start":{"line":55,"column":33},"end":{"line":59,"column":1}},"line":55},"7":{"name":"(anonymous_7)","decl":{"start":{"line":61,"column":27},"end":{"line":61,"column":28}},"loc":{"start":{"line":61,"column":40},"end":{"line":67,"column":1}},"line":61},"8":{"name":"(anonymous_8)","decl":{"start":{"line":62,"column":16},"end":{"line":62,"column":17}},"loc":{"start":{"line":62,"column":24},"end":{"line":62,"column":51}},"line":62},"9":{"name":"(anonymous_9)","decl":{"start":{"line":63,"column":14},"end":{"line":63,"column":15}},"loc":{"start":{"line":63,"column":22},"end":{"line":63,"column":47}},"line":63},"10":{"name":"(anonymous_10)","decl":{"start":{"line":64,"column":17},"end":{"line":64,"column":18}},"loc":{"start":{"line":64,"column":25},"end":{"line":64,"column":53}},"line":64},"11":{"name":"(anonymous_11)","decl":{"start":{"line":65,"column":14},"end":{"line":65,"column":15}},"loc":{"start":{"line":65,"column":20},"end":{"line":65,"column":39}},"line":65},"12":{"name":"(anonymous_12)","decl":{"start":{"line":66,"column":16},"end":{"line":66,"column":17}},"loc":{"start":{"line":66,"column":22},"end":{"line":66,"column":43}},"line":66}},"branchMap":{"0":{"loc":{"start":{"line":21,"column":4},"end":{"line":25,"column":5}},"type":"if","locations":[{"start":{"line":21,"column":4},"end":{"line":25,"column":5}},{"start":{"line":21,"column":4},"end":{"line":25,"column":5}}],"line":21},"1":{"loc":{"start":{"line":23,"column":11},"end":{"line":25,"column":5}},"type":"if","locations":[{"start":{"line":23,"column":11},"end":{"line":25,"column":5}},{"start":{"line":23,"column":11},"end":{"line":25,"column":5}}],"line":23}},"s":{"0":7,"1":7,"2":1,"3":1,"4":7,"5":1,"6":7,"7":2,"8":1,"9":1,"10":1,"11":7,"12":1,"13":9,"14":0,"15":2,"16":0,"17":2,"18":0,"19":0,"20":0,"21":0,"22":0,"23":0},"f":{"0":1,"1":1,"2":2,"3":1,"4":9,"5":0,"6":0,"7":0,"8":0,"9":0,"10":0,"11":0,"12":0},"b":{"0":[1,1],"1":[1,0]},"_coverageSchema":"1a1c01bbd47fc00a2c39e90264f33305004495a9","hash":"988dbf0c218edbd1b57bfe759dfa5eaf5277ef1f"}
,"/Users/minh/Desktop/Oreily-course/expensify-app/src/components/ExpenseListItem.js": {"path":"/Users/minh/Desktop/Oreily-course/expensify-app/src/components/ExpenseListItem.js","statementMap":{"0":{"start":{"line":3,"column":24},"end":{"line":9,"column":1}},"1":{"start":{"line":4,"column":2},"end":{"line":8,"column":8}}},"fnMap":{"0":{"name":"(anonymous_0)","decl":{"start":{"line":3,"column":24},"end":{"line":3,"column":25}},"loc":{"start":{"line":4,"column":2},"end":{"line":8,"column":8}},"line":4}},"branchMap":{},"s":{"0":3,"1":1},"f":{"0":1},"b":{},"_coverageSchema":"1a1c01bbd47fc00a2c39e90264f33305004495a9","hash":"2f53639e23bec53a8cf67556de516b41a9d6d3c7"}
,"/Users/minh/Desktop/Oreily-course/expensify-app/src/components/Header.js": {"path":"/Users/minh/Desktop/Oreily-course/expensify-app/src/components/Header.js","statementMap":{"0":{"start":{"line":4,"column":15},"end":{"line":12,"column":1}},"1":{"start":{"line":5,"column":2},"end":{"line":11,"column":11}}},"fnMap":{"0":{"name":"(anonymous_0)","decl":{"start":{"line":4,"column":15},"end":{"line":4,"column":16}},"loc":{"start":{"line":5,"column":2},"end":{"line":11,"column":11}},"line":5}},"branchMap":{},"s":{"0":1,"1":1},"f":{"0":1},"b":{},"_coverageSchema":"1a1c01bbd47fc00a2c39e90264f33305004495a9","hash":"715b501eb5e1902103d8b8a8a7f3ba0c62465a3d"}
,"/Users/minh/Desktop/Oreily-course/expensify-app/src/components/NotFoundPage.js": {"path":"/Users/minh/Desktop/Oreily-course/expensify-app/src/components/NotFoundPage.js","statementMap":{"0":{"start":{"line":3,"column":21},"end":{"line":3,"column":68}},"1":{"start":{"line":3,"column":28},"end":{"line":3,"column":67}}},"fnMap":{"0":{"name":"(anonymous_0)","decl":{"start":{"line":3,"column":21},"end":{"line":3,"column":22}},"loc":{"start":{"line":3,"column":28},"end":{"line":3,"column":67}},"line":3}},"branchMap":{},"s":{"0":1,"1":1},"f":{"0":1},"b":{},"_coverageSchema":"1a1c01bbd47fc00a2c39e90264f33305004495a9","hash":"8ddbb40b008a7e9fa7e214c94c0b63dcde5028d4"}
,"/Users/minh/Desktop/Oreily-course/expensify-app/src/reducers/expenses.js": {"path":"/Users/minh/Desktop/Oreily-course/expensify-app/src/reducers/expenses.js","statementMap":{"0":{"start":{"line":1,"column":36},"end":{"line":1,"column":38}},"1":{"start":{"line":2,"column":24},"end":{"line":22,"column":1}},"2":{"start":{"line":3,"column":2},"end":{"line":21,"column":3}},"3":{"start":{"line":5,"column":6},"end":{"line":7,"column":8}},"4":{"start":{"line":9,"column":6},"end":{"line":9,"column":57}},"5":{"start":{"line":9,"column":34},"end":{"line":9,"column":55}},"6":{"start":{"line":12,"column":6},"end":{"line":17,"column":9}},"7":{"start":{"line":13,"column":8},"end":{"line":16,"column":27}},"8":{"start":{"line":14,"column":10},"end":{"line":14,"column":47}},"9":{"start":{"line":16,"column":15},"end":{"line":16,"column":27}},"10":{"start":{"line":20,"column":6},"end":{"line":20,"column":19}}},"fnMap":{"0":{"name":"(anonymous_0)","decl":{"start":{"line":2,"column":24},"end":{"line":2,"column":25}},"loc":{"start":{"line":2,"column":73},"end":{"line":22,"column":1}},"line":2},"1":{"name":"(anonymous_1)","decl":{"start":{"line":9,"column":26},"end":{"line":9,"column":27}},"loc":{"start":{"line":9,"column":34},"end":{"line":9,"column":55}},"line":9},"2":{"name":"(anonymous_2)","decl":{"start":{"line":12,"column":23},"end":{"line":12,"column":24}},"loc":{"start":{"line":12,"column":33},"end":{"line":17,"column":7}},"line":12}},"branchMap":{"0":{"loc":{"start":{"line":2,"column":25},"end":{"line":2,"column":60}},"type":"default-arg","locations":[{"start":{"line":2,"column":33},"end":{"line":2,"column":60}}],"line":2},"1":{"loc":{"start":{"line":3,"column":2},"end":{"line":21,"column":3}},"type":"switch","locations":[{"start":{"line":4,"column":4},"end":{"line":7,"column":8}},{"start":{"line":8,"column":4},"end":{"line":9,"column":57}},{"start":{"line":11,"column":4},"end":{"line":17,"column":9}},{"start":{"line":19,"column":4},"end":{"line":20,"column":19}}],"line":3},"2":{"loc":{"start":{"line":13,"column":8},"end":{"line":16,"column":27}},"type":"if","locations":[{"start":{"line":13,"column":8},"end":{"line":16,"column":27}},{"start":{"line":13,"column":8},"end":{"line":16,"column":27}}],"line":13}},"s":{"0":1,"1":1,"2":6,"3":1,"4":2,"5":6,"6":2,"7":6,"8":1,"9":5,"10":1},"f":{"0":6,"1":6,"2":6},"b":{"0":[2],"1":[1,2,2,1],"2":[1,5]},"_coverageSchema":"1a1c01bbd47fc00a2c39e90264f33305004495a9","hash":"9106ef9728ac03ed898314c22754552c53a08774"}
,"/Users/minh/Desktop/Oreily-course/expensify-app/src/reducers/filters.js": {"path":"/Users/minh/Desktop/Oreily-course/expensify-app/src/reducers/filters.js","statementMap":{"0":{"start":{"line":3,"column":35},"end":{"line":8,"column":1}},"1":{"start":{"line":9,"column":23},"end":{"line":27,"column":1}},"2":{"start":{"line":10,"column":2},"end":{"line":26,"column":3}},"3":{"start":{"line":12,"column":6},"end":{"line":15,"column":8}},"4":{"start":{"line":17,"column":6},"end":{"line":17,"column":42}},"5":{"start":{"line":19,"column":6},"end":{"line":19,"column":44}},"6":{"start":{"line":21,"column":6},"end":{"line":21,"column":55}},"7":{"start":{"line":23,"column":6},"end":{"line":23,"column":51}},"8":{"start":{"line":25,"column":6},"end":{"line":25,"column":19}}},"fnMap":{"0":{"name":"(anonymous_0)","decl":{"start":{"line":9,"column":23},"end":{"line":9,"column":24}},"loc":{"start":{"line":9,"column":71},"end":{"line":27,"column":1}},"line":9}},"branchMap":{"0":{"loc":{"start":{"line":9,"column":24},"end":{"line":9,"column":58}},"type":"default-arg","locations":[{"start":{"line":9,"column":32},"end":{"line":9,"column":58}}],"line":9},"1":{"loc":{"start":{"line":10,"column":2},"end":{"line":26,"column":3}},"type":"switch","locations":[{"start":{"line":11,"column":4},"end":{"line":15,"column":8}},{"start":{"line":16,"column":4},"end":{"line":17,"column":42}},{"start":{"line":18,"column":4},"end":{"line":19,"column":44}},{"start":{"line":20,"column":4},"end":{"line":21,"column":55}},{"start":{"line":22,"column":4},"end":{"line":23,"column":51}},{"start":{"line":24,"column":4},"end":{"line":25,"column":19}}],"line":10}},"s":{"0":1,"1":1,"2":6,"3":1,"4":1,"5":1,"6":1,"7":1,"8":1},"f":{"0":6},"b":{"0":[5],"1":[1,1,1,1,1,1]},"_coverageSchema":"1a1c01bbd47fc00a2c39e90264f33305004495a9","hash":"5299b6c581c4d5c52e7b88d74ce5ece6e8109180"}
,"/Users/minh/Desktop/Oreily-course/expensify-app/src/selectors/expenses.js": {"path":"/Users/minh/Desktop/Oreily-course/expensify-app/src/selectors/expenses.js","statementMap":{"0":{"start":{"line":2,"column":27},"end":{"line":17,"column":1}},"1":{"start":{"line":3,"column":2},"end":{"line":16,"column":5}},"2":{"start":{"line":4,"column":28},"end":{"line":4,"column":53}},"3":{"start":{"line":5,"column":27},"end":{"line":5,"column":94}},"4":{"start":{"line":6,"column":26},"end":{"line":6,"column":88}},"5":{"start":{"line":7,"column":22},"end":{"line":7,"column":84}},"6":{"start":{"line":8,"column":4},"end":{"line":8,"column":56}},"7":{"start":{"line":10,"column":4},"end":{"line":14,"column":5}},"8":{"start":{"line":11,"column":6},"end":{"line":11,"column":48}},"9":{"start":{"line":12,"column":11},"end":{"line":14,"column":5}},"10":{"start":{"line":13,"column":6},"end":{"line":13,"column":42}}},"fnMap":{"0":{"name":"(anonymous_0)","decl":{"start":{"line":2,"column":27},"end":{"line":2,"column":28}},"loc":{"start":{"line":2,"column":79},"end":{"line":17,"column":1}},"line":2},"1":{"name":"(anonymous_1)","decl":{"start":{"line":3,"column":25},"end":{"line":3,"column":26}},"loc":{"start":{"line":3,"column":36},"end":{"line":9,"column":3}},"line":3},"2":{"name":"(anonymous_2)","decl":{"start":{"line":9,"column":10},"end":{"line":9,"column":11}},"loc":{"start":{"line":9,"column":20},"end":{"line":16,"column":3}},"line":9}},"branchMap":{"0":{"loc":{"start":{"line":5,"column":27},"end":{"line":5,"column":94}},"type":"cond-expr","locations":[{"start":{"line":5,"column":39},"end":{"line":5,"column":87}},{"start":{"line":5,"column":90},"end":{"line":5,"column":94}}],"line":5},"1":{"loc":{"start":{"line":6,"column":26},"end":{"line":6,"column":88}},"type":"cond-expr","locations":[{"start":{"line":6,"column":36},"end":{"line":6,"column":81}},{"start":{"line":6,"column":84},"end":{"line":6,"column":88}}],"line":6},"2":{"loc":{"start":{"line":8,"column":11},"end":{"line":8,"column":55}},"type":"binary-expr","locations":[{"start":{"line":8,"column":11},"end":{"line":8,"column":25}},{"start":{"line":8,"column":29},"end":{"line":8,"column":42}},{"start":{"line":8,"column":46},"end":{"line":8,"column":55}}],"line":8},"3":{"loc":{"start":{"line":10,"column":4},"end":{"line":14,"column":5}},"type":"if","locations":[{"start":{"line":10,"column":4},"end":{"line":14,"column":5}},{"start":{"line":10,"column":4},"end":{"line":14,"column":5}}],"line":10},"4":{"loc":{"start":{"line":11,"column":13},"end":{"line":11,"column":47}},"type":"cond-expr","locations":[{"start":{"line":11,"column":41},"end":{"line":11,"column":42}},{"start":{"line":11,"column":45},"end":{"line":11,"column":47}}],"line":11},"5":{"loc":{"start":{"line":12,"column":11},"end":{"line":14,"column":5}},"type":"if","locations":[{"start":{"line":12,"column":11},"end":{"line":14,"column":5}},{"start":{"line":12,"column":11},"end":{"line":14,"column":5}}],"line":12},"6":{"loc":{"start":{"line":13,"column":13},"end":{"line":13,"column":41}},"type":"cond-expr","locations":[{"start":{"line":13,"column":35},"end":{"line":13,"column":36}},{"start":{"line":13,"column":39},"end":{"line":13,"column":41}}],"line":13}},"s":{"0":3,"1":5,"2":15,"3":15,"4":15,"5":15,"6":15,"7":9,"8":7,"9":2,"10":2},"f":{"0":5,"1":15,"2":9},"b":{"0":[3,12],"1":[3,12],"2":[15,14,13],"3":[7,2],"4":[3,4],"5":[2,0],"6":[0,2]},"_coverageSchema":"1a1c01bbd47fc00a2c39e90264f33305004495a9","hash":"cd64a8b913997fdc7552d9e3e704534e8e3419e4"}
,"/Users/minh/Desktop/Oreily-course/expensify-app/src/tests/fixtures/expenses.js": {"path":"/Users/minh/Desktop/Oreily-course/expensify-app/src/tests/fixtures/expenses.js","statementMap":{},"fnMap":{},"branchMap":{},"s":{},"f":{},"b":{},"_coverageSchema":"1a1c01bbd47fc00a2c39e90264f33305004495a9","hash":"fba896cb7218e8a9c65471cad134ae67b1b85fb4"}
,"/Users/minh/Desktop/Oreily-course/expensify-app/src/tests/fixtures/filters.js": {"path":"/Users/minh/Desktop/Oreily-course/expensify-app/src/tests/fixtures/filters.js","statementMap":{"0":{"start":{"line":3,"column":16},"end":{"line":8,"column":1}},"1":{"start":{"line":10,"column":19},"end":{"line":15,"column":1}}},"fnMap":{},"branchMap":{},"s":{"0":1,"1":1},"f":{},"b":{},"_coverageSchema":"1a1c01bbd47fc00a2c39e90264f33305004495a9","hash":"360162499e0232d63becddb6a06025dbb2555167"}
}
